1 1
10 2
100 2
1000 2
1001 1
101 2
102 2
103 2
104 2
105 2
106 2
107 2
108 2
109 2
11 2
110 2
111 2
112 2
113 2
114 2
115 2
116 2
117 2
118 2
119 2
12 2
120 2
121 2
122 2
123 2
124 2
125 2
126 2
127 2
128 2
129 2
13 2
130 2
131 2
132 2
133 2
134 2
135 2
136 2
137 2
138 2
139 2
14 2
140 2
141 2
142 2
143 2
144 2
145 2
146 2
147 2
148 2
149 2
15 2
150 2
151 2
152 2
153 2
154 2
155 2
156 2
157 2
158 2
159 2
16 2
160 2
161 2
162 2
163 2
164 2
165 2
166 2
167 2
168 2
169 2
17 2
170 2
171 2
172 2
173 2
174 2
175 2
176 2
177 2
178 2
179 2
18 2
180 2
181 2
182 2
183 2
184 2
185 2
186 2
187 2
188 2
189 2
19 2
190 2
191 2
192 2
193 2
194 2
195 2
196 2
197 2
198 2
199 2
2 2
20 2
200 2
201 2
202 2
203 2
204 2
205 2
206 2
207 2
208 2
209 2
21 2
210 2
211 2
212 2
213 2
214 2
215 2
216 2
217 2
218 2
219 2
22 2
220 2
221 2
222 2
223 2
224 2
225 2
226 2
227 2
228 2
229 2
23 2
230 2
231 2
232 2
233 2
234 2
235 2
236 2
237 2
238 2
239 2
24 2
240 2
241 2
242 2
243 2
244 2
245 2
246 2
247 2
248 2
249 2
25 2
250 2
251 2
252 2
253 2
254 2
255 2
256 2
257 2
258 2
259 2
26 2
260 2
261 2
262 2
263 2
264 2
265 2
266 2
267 2
268 2
269 2
27 2
270 2
271 2
272 2
273 2
274 2
275 2
276 2
277 2
278 2
279 2
28 2
280 2
281 2
282 2
283 2
284 2
285 2
286 2
287 2
288 2
289 2
29 2
290 2
291 2
292 2
293 2
294 2
295 2
296 2
297 2
298 2
299 2
3 2
30 2
300 2
301 2
302 2
303 2
304 2
305 2
306 2
307 2
308 2
309 2
31 2
310 2
311 2
312 2
313 2
314 2
315 2
316 2
317 2
318 2
319 2
32 2
320 2
321 2
322 2
323 2
324 2
325 2
326 2
327 2
328 2
329 2
33 2
330 2
331 2
332 2
333 2
334 2
335 2
336 2
337 2
338 2
339 2
34 2
340 2
341 2
342 2
343 2
344 2
345 2
346 2
347 2
348 2
349 2
35 2
350 2
351 2
352 2
353 2
354 2
355 2
356 2
357 2
358 2
359 2
36 2
360 2
361 2
362 2
363 2
364 2
365 2
366 2
367 2
368 2
369 2
37 2
370 2
371 2
372 2
373 2
374 2
375 2
376 2
377 2
378 2
379 2
38 2
380 2
381 2
382 2
383 2
384 2
385 2
386 2
387 2
388 2
389 2
39 2
390 2
391 2
392 2
393 2
394 2
395 2
396 2
397 2
398 2
399 2
4 2
40 2
400 2
401 2
402 2
403 2
404 2
405 2
406 2
407 2
408 2
409 2
41 2
410 2
411 2
412 2
413 2
414 2
415 2
416 2
417 2
418 2
419 2
42 2
420 2
421 2
422 2
423 2
424 2
425 2
426 2
427 2
428 2
429 2
43 2
430 2
431 2
432 2
433 2
434 2
435 2
436 2
437 2
438 2
439 2
44 2
440 2
441 2
442 2
443 2
444 2
445 2
446 2
447 2
448 2
449 2
45 2
450 2
451 2
452 2
453 2
454 2
455 2
456 2
457 2
458 2
459 2
46 2
460 2
461 2
462 2
463 2
464 2
465 2
466 2
467 2
468 2
469 2
47 2
470 2
471 2
472 2
473 2
474 2
475 2
476 2
477 2
478 2
479 2
48 2
480 2
481 2
482 2
483 2
484 2
485 2
486 2
487 2
488 2
489 2
49 2
490 2
491 2
492 2
493 2
494 2
495 2
496 2
497 2
498 2
499 2
5 2
50 2
500 2
501 2
502 2
503 2
504 2
505 2
506 2
507 2
508 2
509 2
51 2
510 2
511 2
512 2
513 2
514 2
515 2
516 2
517 2
518 2
519 2
52 2
520 2
521 2
522 2
523 2
524 2
525 2
526 2
527 2
528 2
529 2
53 2
530 2
531 2
532 2
533 2
534 2
535 2
536 2
537 2
538 2
539 2
54 2
540 2
541 2
542 2
543 2
544 2
545 2
546 2
547 2
548 2
549 2
55 2
550 2
551 2
552 2
553 2
554 2
555 2
556 2
557 2
558 2
559 2
56 2
560 2
561 2
562 2
563 2
564 2
565 2
566 2
567 2
568 2
569 2
57 2
570 2
571 2
572 2
573 2
574 2
575 2
576 2
577 2
578 2
579 2
58 2
580 2
581 2
582 2
583 2
584 2
585 2
586 2
587 2
588 2
589 2
59 2
590 2
591 2
592 2
593 2
594 2
595 2
596 2
597 2
598 2
599 2
6 2
60 2
600 2
601 2
602 2
603 2
604 2
605 2
606 2
607 2
608 2
609 2
61 2
610 2
611 2
612 2
613 2
614 2
615 2
616 2
617 2
618 2
619 2
62 2
620 2
621 2
622 2
623 2
624 2
625 2
626 2
627 2
628 2
629 2
63 2
630 2
631 2
632 2
633 2
634 2
635 2
636 2
637 2
638 2
639 2
64 2
640 2
641 2
642 2
643 2
644 2
645 2
646 2
647 2
648 2
649 2
65 2
650 2
651 2
652 2
653 2
654 2
655 2
656 2
657 2
658 2
659 2
66 2
660 2
661 2
662 2
663 2
664 2
665 2
666 2
667 2
668 2
669 2
67 2
670 2
671 2
672 2
673 2
674 2
675 2
676 2
677 2
678 2
679 2
68 2
680 2
681 2
682 2
683 2
684 2
685 2
686 2
687 2
688 2
689 2
69 2
690 2
691 2
692 2
693 2
694 2
695 2
696 2
697 2
698 2
699 2
7 2
70 2
700 2
701 2
702 2
703 2
704 2
705 2
706 2
707 2
708 2
709 2
71 2
710 2
711 2
712 2
713 2
714 2
715 2
716 2
717 2
718 2
719 2
72 2
720 2
721 2
722 2
723 2
724 2
725 2
726 2
727 2
728 2
729 2
73 2
730 2
731 2
732 2
733 2
734 2
735 2
736 2
737 2
738 2
739 2
74 2
740 2
741 2
742 2
743 2
744 2
745 2
746 2
747 2
748 2
749 2
75 2
750 2
751 2
752 2
753 2
754 2
755 2
756 2
757 2
758 2
759 2
76 2
760 2
761 2
762 2
763 2
764 2
765 2
766 2
767 2
768 2
769 2
77 2
770 2
771 2
772 2
773 2
774 2
775 2
776 2
777 2
778 2
779 2
78 2
780 2
781 2
782 2
783 2
784 2
785 2
786 2
787 2
788 2
789 2
79 2
790 2
791 2
792 2
793 2
794 2
795 2
796 2
797 2
798 2
799 2
8 2
80 2
800 2
801 2
802 2
803 2
804 2
805 2
806 2
807 2
808 2
809 2
81 2
810 2
811 2
812 2
813 2
814 2
815 2
816 2
817 2
818 2
819 2
82 2
820 2
821 2
822 2
823 2
824 2
825 2
826 2
827 2
828 2
829 2
83 2
830 2
831 2
832 2
833 2
834 2
835 2
836 2
837 2
838 2
839 2
84 2
840 2
841 2
842 2
843 2
844 2
845 2
846 2
847 2
848 2
849 2
85 2
850 2
851 2
852 2
853 2
854 2
855 2
856 2
857 2
858 2
859 2
86 2
860 2
861 2
862 2
863 2
864 2
865 2
866 2
867 2
868 2
869 2
87 2
870 2
871 2
872 2
873 2
874 2
875 2
876 2
877 2
878 2
879 2
88 2
880 2
881 2
882 2
883 2
884 2
885 2
886 2
887 2
888 2
889 2
89 2
890 2
891 2
892 2
893 2
894 2
895 2
896 2
897 2
898 2
899 2
9 2
90 2
900 2
901 2
902 2
903 2
904 2
905 2
906 2
907 2
908 2
909 2
91 2
910 2
911 2
912 2
913 2
914 2
915 2
916 2
917 2
918 2
919 2
92 2
920 2
921 2
922 2
923 2
924 2
925 2
926 2
927 2
928 2
929 2
93 2
930 2
931 2
932 2
933 2
934 2
935 2
936 2
937 2
938 2
939 2
94 2
940 2
941 2
942 2
943 2
944 2
945 2
946 2
947 2
948 2
949 2
95 2
950 2
951 2
952 2
953 2
954 2
955 2
956 2
957 2
958 2
959 2
96 2
960 2
961 2
962 2
963 2
964 2
965 2
966 2
967 2
968 2
969 2
97 2
970 2
971 2
972 2
973 2
974 2
975 2
976 2
977 2
978 2
979 2
98 2
980 2
981 2
982 2
983 2
984 2
985 2
986 2
987 2
988 2
989 2
99 2
990 2
991 2
992 2
993 2
994 2
995 2
996 2
997 2
998 2
999 2
1 3
10 12
10 8
100 102
100 98
1000 998
1001 999
101 103
101 99
102 104
103 105
104 106
105 107
106 108
107 109
108 110
109 111
11 13
11 9
110 112
111 113
112 114
113 115
114 116
115 117
116 118
117 119
118 120
119 121
12 14
120 122
121 123
122 124
123 125
124 126
125 127
126 128
127 129
128 130
129 131
13 15
130 132
131 133
132 134
133 135
134 136
135 137
136 138
137 139
138 140
139 141
14 16
140 142
141 143
142 144
143 145
144 146
145 147
146 148
147 149
148 150
149 151
15 17
150 152
151 153
152 154
153 155
154 156
155 157
156 158
157 159
158 160
159 161
16 18
160 162
161 163
162 164
163 165
164 166
165 167
166 168
167 169
168 170
169 171
17 19
170 172
171 173
172 174
173 175
174 176
175 177
176 178
177 179
178 180
179 181
18 20
180 182
181 183
182 184
183 185
184 186
185 187
186 188
187 189
188 190
189 191
19 21
190 192
191 193
192 194
193 195
194 196
195 197
196 198
197 199
198 200
199 201
2 4
20 22
200 202
201 203
202 204
203 205
204 206
205 207
206 208
207 209
208 210
209 211
21 23
210 212
211 213
212 214
213 215
214 216
215 217
216 218
217 219
218 220
219 221
22 24
220 222
221 223
222 224
223 225
224 226
225 227
226 228
227 229
228 230
229 231
23 25
230 232
231 233
232 234
233 235
234 236
235 237
236 238
237 239
238 240
239 241
24 26
240 242
241 243
242 244
243 245
244 246
245 247
246 248
247 249
248 250
249 251
25 27
250 252
251 253
252 254
253 255
254 256
255 257
256 258
257 259
258 260
259 261
26 28
260 262
261 263
262 264
263 265
264 266
265 267
266 268
267 269
268 270
269 271
27 29
270 272
271 273
272 274
273 275
274 276
275 277
276 278
277 279
278 280
279 281
28 30
280 282
281 283
282 284
283 285
284 286
285 287
286 288
287 289
288 290
289 291
29 31
290 292
291 293
292 294
293 295
294 296
295 297
296 298
297 299
298 300
299 301
3 5
30 32
300 302
301 303
302 304
303 305
304 306
305 307
306 308
307 309
308 310
309 311
31 33
310 312
311 313
312 314
313 315
314 316
315 317
316 318
317 319
318 320
319 321
32 34
320 322
321 323
322 324
323 325
324 326
325 327
326 328
327 329
328 330
329 331
33 35
330 332
331 333
332 334
333 335
334 336
335 337
336 338
337 339
338 340
339 341
34 36
340 342
341 343
342 344
343 345
344 346
345 347
346 348
347 349
348 350
349 351
35 37
350 352
351 353
352 354
353 355
354 356
355 357
356 358
357 359
358 360
359 361
36 38
360 362
361 363
362 364
363 365
364 366
365 367
366 368
367 369
368 370
369 371
37 39
370 372
371 373
372 374
373 375
374 376
375 377
376 378
377 379
378 380
379 381
38 40
380 382
381 383
382 384
383 385
384 386
385 387
386 388
387 389
388 390
389 391
39 41
390 392
391 393
392 394
393 395
394 396
395 397
396 398
397 399
398 400
399 401
4 6
40 42
400 402
401 403
402 404
403 405
404 406
405 407
406 408
407 409
408 410
409 411
41 43
410 412
411 413
412 414
413 415
414 416
415 417
416 418
417 419
418 420
419 421
42 44
420 422
421 423
422 424
423 425
424 426
425 427
426 428
427 429
428 430
429 431
43 45
430 432
431 433
432 434
433 435
434 436
435 437
436 438
437 439
438 440
439 441
44 46
440 442
441 443
442 444
443 445
444 446
445 447
446 448
447 449
448 450
449 451
45 47
450 452
451 453
452 454
453 455
454 456
455 457
456 458
457 459
458 460
459 461
46 48
460 462
461 463
462 464
463 465
464 466
465 467
466 468
467 469
468 470
469 471
47 49
470 472
471 473
472 474
473 475
474 476
475 477
476 478
477 479
478 480
479 481
48 50
480 482
481 483
482 484
483 485
484 486
485 487
486 488
487 489
488 490
489 491
49 51
490 492
491 493
492 494
493 495
494 496
495 497
496 498
497 499
498 500
499 501
5 7
50 52
500 502
501 503
502 504
503 505
504 506
505 507
506 508
507 509
508 510
509 511
51 53
510 512
511 513
512 514
513 515
514 516
515 517
516 518
517 519
518 520
519 521
52 54
520 522
521 523
522 524
523 525
524 526
525 527
526 528
527 529
528 530
529 531
53 55
530 532
531 533
532 534
533 535
534 536
535 537
536 538
537 539
538 540
539 541
54 56
540 542
541 543
542 544
543 545
544 546
545 547
546 548
547 549
548 550
549 551
55 57
550 552
551 553
552 554
553 555
554 556
555 557
556 558
557 559
558 560
559 561
56 58
560 562
561 563
562 564
563 565
564 566
565 567
566 568
567 569
568 570
569 571
57 59
570 572
571 573
572 574
573 575
574 576
575 577
576 578
577 579
578 580
579 581
58 60
580 582
581 583
582 584
583 585
584 586
585 587
586 588
587 589
588 590
589 591
59 61
590 592
591 593
592 594
593 595
594 596
595 597
596 598
597 599
598 600
599 601
6 8
60 62
600 602
601 603
602 604
603 605
604 606
605 607
606 608
607 609
608 610
609 611
61 63
610 612
611 613
612 614
613 615
614 616
615 617
616 618
617 619
618 620
619 621
62 64
620 622
621 623
622 624
623 625
624 626
625 627
626 628
627 629
628 630
629 631
63 65
630 632
631 633
632 634
633 635
634 636
635 637
636 638
637 639
638 640
639 641
64 66
640 642
641 643
642 644
643 645
644 646
645 647
646 648
647 649
648 650
649 651
65 67
650 652
651 653
652 654
653 655
654 656
655 657
656 658
657 659
658 660
659 661
66 68
660 662
661 663
662 664
663 665
664 666
665 667
666 668
667 669
668 670
669 671
67 69
670 672
671 673
672 674
673 675
674 676
675 677
676 678
677 679
678 680
679 681
68 70
680 682
681 683
682 684
683 685
684 686
685 687
686 688
687 689
688 690
689 691
69 71
690 692
691 693
692 694
693 695
694 696
695 697
696 698
697 699
698 700
699 701
7 9
70 72
700 702
701 703
702 704
703 705
704 706
705 707
706 708
707 709
708 710
709 711
71 73
710 712
711 713
712 714
713 715
714 716
715 717
716 718
717 719
718 720
719 721
72 74
720 722
721 723
722 724
723 725
724 726
725 727
726 728
727 729
728 730
729 731
73 75
730 732
731 733
732 734
733 735
734 736
735 737
736 738
737 739
738 740
739 741
74 76
740 742
741 743
742 744
743 745
744 746
745 747
746 748
747 749
748 750
749 751
75 77
750 752
751 753
752 754
753 755
754 756
755 757
756 758
757 759
758 760
759 761
76 78
760 762
761 763
762 764
763 765
764 766
765 767
766 768
767 769
768 770
769 771
77 79
770 772
771 773
772 774
773 775
774 776
775 777
776 778
777 779
778 780
779 781
78 80
780 782
781 783
782 784
783 785
784 786
785 787
786 788
787 789
788 790
789 791
79 81
790 792
791 793
792 794
793 795
794 796
795 797
796 798
797 799
798 800
799 801
80 82
800 802
801 803
802 804
803 805
804 806
805 807
806 808
807 809
808 810
809 811
81 83
810 812
811 813
812 814
813 815
814 816
815 817
816 818
817 819
818 820
819 821
82 84
820 822
821 823
822 824
823 825
824 826
825 827
826 828
827 829
828 830
829 831
83 85
830 832
831 833
832 834
833 835
834 836
835 837
836 838
837 839
838 840
839 841
84 86
840 842
841 843
842 844
843 845
844 846
845 847
846 848
847 849
848 850
849 851
85 87
850 852
851 853
852 854
853 855
854 856
855 857
856 858
857 859
858 860
859 861
86 88
860 862
861 863
862 864
863 865
864 866
865 867
866 868
867 869
868 870
869 871
87 89
870 872
871 873
872 874
873 875
874 876
875 877
876 878
877 879
878 880
879 881
88 90
880 882
881 883
882 884
883 885
884 886
885 887
886 888
887 889
888 890
889 891
89 91
890 892
891 893
892 894
893 895
894 896
895 897
896 898
897 899
898 900
899 901
90 92
900 902
901 903
902 904
903 905
904 906
905 907
906 908
907 909
908 910
909 911
91 93
910 912
911 913
912 914
913 915
914 916
915 917
916 918
917 919
918 920
919 921
92 94
920 922
921 923
922 924
923 925
924 926
925 927
926 928
927 929
928 930
929 931
93 95
930 932
931 933
932 934
933 935
934 936
935 937
936 938
937 939
938 940
939 941
94 96
940 942
941 943
942 944
943 945
944 946
945 947
946 948
947 949
948 950
949 951
95 97
950 952
951 953
952 954
953 955
954 956
955 957
956 958
957 959
958 960
959 961
96 98
960 962
961 963
962 964
963 965
964 966
965 967
966 968
967 969
968 970
969 971
97 99
970 972
971 973
972 974
973 975
974 976
975 977
976 978
977 979
978 980
979 981
980 982
981 983
982 984
983 985
984 986
985 987
986 988
987 989
988 990
989 991
990 992
991 993
992 994
993 995
994 996
995 997
996 998
997 999
